<?xml version="1.0" encoding="UTF-8"?>
<testng-results skipped="0" failed="0" ignored="0" total="1" passed="1">
  <reporter-output>
  </reporter-output>
  <suite name="Default suite" duration-ms="27497" started-at="2019-01-03T02:32:18Z" finished-at="2019-01-03T02:32:46Z">
    <groups>
    </groups>
    <test name="Default test" duration-ms="27497" started-at="2019-01-03T02:32:18Z" finished-at="2019-01-03T02:32:46Z">
      <class name="ecommerce.checkout">
        <test-method status="PASS" signature="setup()[pri:0, instance:ecommerce.checkout@9273a8]" name="setup" is-config="true" duration-ms="20344" started-at="2019-01-03T02:32:18Z" finished-at="2019-01-03T02:32:39Z">
          <reporter-output>
          </reporter-output>
        </test-method> <!-- setup -->
        <test-method status="PASS" signature="checkout1()[pri:0, instance:ecommerce.checkout@9273a8]" name="checkout1" duration-ms="7122" started-at="2019-01-03T02:32:39Z" finished-at="2019-01-03T02:32:46Z">
          <reporter-output>
          </reporter-output>
        </test-method> <!-- checkout1 -->
      </class> <!-- ecommerce.checkout -->
    </test> <!-- Default test -->
  </suite> <!-- Default suite -->
</testng-results>
