<?xml version="1.0" encoding="UTF-8"?>
<testng-results skipped="0" failed="0" ignored="0" total="1" passed="1">
  <reporter-output>
  </reporter-output>
  <suite name="Default suite" duration-ms="107624" started-at="2019-01-09T13:15:34Z" finished-at="2019-01-09T13:17:21Z">
    <groups>
    </groups>
    <test name="Default test" duration-ms="107624" started-at="2019-01-09T13:15:34Z" finished-at="2019-01-09T13:17:21Z">
      <class name="redbus.RedBudTkt">
        <test-method status="PASS" signature="setup()[pri:0, instance:redbus.RedBudTkt@7080dc]" name="setup" is-config="true" duration-ms="14145" started-at="2019-01-09T13:15:34Z" finished-at="2019-01-09T13:15:48Z">
          <reporter-output>
          </reporter-output>
        </test-method> <!-- setup -->
        <test-method status="PASS" signature="booktkt()[pri:0, instance:redbus.RedBudTkt@7080dc]" name="booktkt" duration-ms="93448" started-at="2019-01-09T13:15:48Z" finished-at="2019-01-09T13:17:21Z">
          <reporter-output>
          </reporter-output>
        </test-method> <!-- booktkt -->
      </class> <!-- redbus.RedBudTkt -->
    </test> <!-- Default test -->
  </suite> <!-- Default suite -->
</testng-results>
