<?xml version="1.0" encoding="UTF-8"?>
<testng-results skipped="0" failed="0" ignored="0" total="1" passed="1">
  <reporter-output>
  </reporter-output>
  <suite name="Default suite" duration-ms="20854" started-at="2018-12-19T13:07:55Z" finished-at="2018-12-19T13:08:16Z">
    <groups>
    </groups>
    <test name="Default test" duration-ms="20854" started-at="2018-12-19T13:07:55Z" finished-at="2018-12-19T13:08:16Z">
      <class name="com.liveguruTestCase.livegurutc001">
        <test-method status="PASS" signature="setup()[pri:0, instance:com.liveguruTestCase.livegurutc001@43cd28]" name="setup" is-config="true" duration-ms="18453" started-at="2018-12-19T13:07:55Z" finished-at="2018-12-19T13:08:13Z">
          <reporter-output>
          </reporter-output>
        </test-method> <!-- setup -->
        <test-method status="PASS" signature="tcregister()[pri:0, instance:com.liveguruTestCase.livegurutc001@43cd28]" name="tcregister" duration-ms="2358" started-at="2018-12-19T13:08:13Z" finished-at="2018-12-19T13:08:16Z">
          <reporter-output>
          </reporter-output>
        </test-method> <!-- tcregister -->
      </class> <!-- com.liveguruTestCase.livegurutc001 -->
    </test> <!-- Default test -->
  </suite> <!-- Default suite -->
</testng-results>
