<?xml version="1.0" encoding="UTF-8"?>
<testng-results skipped="0" failed="0" ignored="0" total="1" passed="1">
  <reporter-output>
  </reporter-output>
  <suite name="Default suite" duration-ms="17680" started-at="2018-12-19T02:04:34Z" finished-at="2018-12-19T02:04:52Z">
    <groups>
    </groups>
    <test name="Default test" duration-ms="17680" started-at="2018-12-19T02:04:34Z" finished-at="2018-12-19T02:04:52Z">
      <class name="com.wordpress.testcases.verfyvalidlogin">
        <test-method status="PASS" signature="checkvaliduser()[pri:0, instance:com.wordpress.testcases.verfyvalidlogin@f93a98]" name="checkvaliduser" duration-ms="17656" started-at="2018-12-19T02:04:34Z" finished-at="2018-12-19T02:04:52Z">
          <reporter-output>
          </reporter-output>
        </test-method> <!-- checkvaliduser -->
      </class> <!-- com.wordpress.testcases.verfyvalidlogin -->
    </test> <!-- Default test -->
  </suite> <!-- Default suite -->
</testng-results>
