<?xml version="1.0" encoding="UTF-8"?>
<testng-results skipped="0" failed="0" ignored="0" total="1" passed="1">
  <reporter-output>
  </reporter-output>
  <suite name="Default suite" duration-ms="23860" started-at="2018-12-01T08:11:34Z" finished-at="2018-12-01T08:11:57Z">
    <groups>
    </groups>
    <test name="Default test" duration-ms="23860" started-at="2018-12-01T08:11:34Z" finished-at="2018-12-01T08:11:57Z">
      <class name="Datadriven.TSLogin">
        <test-method status="PASS" signature="logintoTS(java.lang.String, java.lang.String)[pri:0, instance:Datadriven.TSLogin@1b21b69]" name="logintoTS" duration-ms="23809" started-at="2018-12-01T08:11:34Z" data-provider="TS" finished-at="2018-12-01T08:11:57Z">
          <params>
            <param index="0">
              <value>
                <![CDATA[swapnil@esense.in]]>
              </value>
            </param>
            <param index="1">
              <value>
                <![CDATA[123456]]>
              </value>
            </param>
          </params>
          <reporter-output>
          </reporter-output>
        </test-method> <!-- logintoTS -->
      </class> <!-- Datadriven.TSLogin -->
    </test> <!-- Default test -->
  </suite> <!-- Default suite -->
</testng-results>
