<?xml version="1.0" encoding="UTF-8"?>
<!-- Generated by org.testng.reporters.JUnitXMLReporter -->
<testsuite hostname="ANKITA" ignored="2" name="Regression" tests="2" failures="0" timestamp="31 Dec 2018 06:21:30 GMT" time="9.418" errors="0">
  <testcase name="register" time="7.471" classname="com.testcases.Toverifyregistration"/>
  <testcase name="chklogout" time="1.88" classname="com.testcases.Toverifylogout"/>
  <testcase name="@AfterSuite quitdriver" time="0.0" classname="com.utilities.BaseClass">
    <ignored/>
  </testcase> <!-- @AfterSuite quitdriver -->
  <testcase name="@BeforeSuite setup" time="0.0" classname="com.utilities.BaseClass">
    <ignored/>
  </testcase> <!-- @BeforeSuite setup -->
</testsuite> <!-- Regression -->
