<?xml version="1.0" encoding="UTF-8"?>
<testng-results skipped="0" failed="0" ignored="0" total="1" passed="1">
  <reporter-output>
  </reporter-output>
  <suite name="Default suite" duration-ms="8529" started-at="2018-12-20T02:21:02Z" finished-at="2018-12-20T02:21:10Z">
    <groups>
    </groups>
    <test name="Default test" duration-ms="8529" started-at="2018-12-20T02:21:02Z" finished-at="2018-12-20T02:21:10Z">
      <class name="AdvanceReport.verifytitle">
        <test-method status="PASS" signature="verifytitledemo()[pri:0, instance:AdvanceReport.verifytitle@18d30f7]" name="verifytitledemo" duration-ms="8495" started-at="2018-12-20T02:21:02Z" finished-at="2018-12-20T02:21:10Z">
          <reporter-output>
          </reporter-output>
        </test-method> <!-- verifytitledemo -->
      </class> <!-- AdvanceReport.verifytitle -->
    </test> <!-- Default test -->
  </suite> <!-- Default suite -->
</testng-results>
